<?xml version="1.0" encoding="UTF-8"?>
<testng-results skipped="0" failed="0" ignored="0" total="1" passed="1">
  <reporter-output>
  </reporter-output>
  <suite name="Default suite" duration-ms="9470" started-at="2017-06-26T03:30:07Z" finished-at="2017-06-26T03:30:17Z">
    <groups>
    </groups>
    <test name="Default test" duration-ms="9470" started-at="2017-06-26T03:30:07Z" finished-at="2017-06-26T03:30:17Z">
      <class name="TestSelenium">
        <test-method status="PASS" signature="setUp()[pri:0, instance:TestSelenium@62ee68d8]" name="setUp" is-config="true" duration-ms="3227" started-at="2017-06-25T20:30:07Z" finished-at="2017-06-25T20:30:11Z">
          <reporter-output>
          </reporter-output>
        </test-method> <!-- setUp -->
        <test-method status="PASS" signature="testBrowser()[pri:0, instance:TestSelenium@62ee68d8]" name="testBrowser" duration-ms="3860" started-at="2017-06-25T20:30:11Z" finished-at="2017-06-25T20:30:15Z">
          <reporter-output>
          </reporter-output>
        </test-method> <!-- testBrowser -->
        <test-method status="PASS" signature="tearDown()[pri:0, instance:TestSelenium@62ee68d8]" name="tearDown" is-config="true" duration-ms="2355" started-at="2017-06-25T20:30:15Z" finished-at="2017-06-25T20:30:17Z">
          <reporter-output>
          </reporter-output>
        </test-method> <!-- tearDown -->
      </class> <!-- TestSelenium -->
    </test> <!-- Default test -->
  </suite> <!-- Default suite -->
</testng-results>
